<?xml version="1.0"?>
<project xsi:schemaLocation="http://maven.apache.org/POM/4.0.0 http://maven.apache.org/xsd/maven-4.0.0.xsd" xmlns="http://maven.apache.org/POM/4.0.0"
    xmlns:xsi="http://www.w3.org/2001/XMLSchema-instance">
  <modelVersion>4.0.0</modelVersion>
  <parent>
    <artifactId>ide</artifactId>
    <groupId>org.destecs</groupId>
    <version>1.0.0</version>
  </parent>
  <groupId>org.destecs.ide</groupId>
  <artifactId>org.destecs.ide.debug</artifactId>
  <version>1.0.0</version>
  <packaging>source-plugin</packaging>
  <name>org.destecs.ide.debug</name>
  <description>Super POM for all IDE (Eclipse) artifacts.</description>
  <organization>
    <name>DESTECS</name>
    <url>http://www.destecs.org</url>
  </organization>
  <distributionManagement>
    <repository>
      <id>destecs.sourceforge.net</id>
      <name>Destecs Repo af SF.Net</name>
      <url>sftp://web.sourceforge.net/home/groups/d/de/destecs/htdocs/maven/repo</url>
    </repository>
    <snapshotRepository>
      <id>destecs.sourceforge.net</id>
      <name>Destecs Snapshot Repo af SF.Net</name>
      <url>sftp://web.sourceforge.net/home/groups/d/de/destecs/htdocs/maven/snapshotrepo</url>
    </snapshotRepository>
    <site>
      <id>destecs.sourceforge.net</id>
      <url>scp://shell.sourceforge.net/home/groups/d/de/destecs/htdocs/maven/doc/ide/org.destecs.ide.debug</url>
    </site>
  </distributionManagement>
  <properties>
    <org.eclipse.datatools.connectivity.ui.dse>pom</org.eclipse.datatools.connectivity.ui.dse>
    <org.eclipse.datatools.connectivity.sqm.core.ui>pom</org.eclipse.datatools.connectivity.sqm.core.ui>
    <user.mosml.dir>home/root/opt/mosml/</user.mosml.dir>
    <org.eclipse.datatools.modelbase.sql>pom</org.eclipse.datatools.modelbase.sql>
    <org.eclipse.jface>jar</org.eclipse.jface>
    <org.eclipse.datatools.connectivity.sqm.core>jar</org.eclipse.datatools.connectivity.sqm.core>
    <user.javac>/opt/jdk-1.6.0_12/bin/javac.exe</user.javac>
    <user.hol.dir>/home/root/opt/hol/</user.hol.dir>
    <org.eclipse.core.runtime>jar</org.eclipse.core.runtime>
    <org.eclipse.jdt.debug.jdimodel>jar</org.eclipse.jdt.debug.jdimodel>
    <org.eclipse.jdt.ui>jar</org.eclipse.jdt.ui>
    <org.eclipse.ui>jar</org.eclipse.ui>
    <user.vppde.bin>/home/root/opt/vppde/bin/vppde.exe</user.vppde.bin>
    <org.eclipse.datatools.connectivity.ui>pom</org.eclipse.datatools.connectivity.ui>
    <org.eclipse.jdt.debug>jar</org.eclipse.jdt.debug>
    <user.eclipseStartup>plugins/org.eclipse.equinox.common_3.4.0.v20080421-2006.jar</user.eclipseStartup>
    <org.eclipse.datatools.connectivity.sqm.server.ui>pom</org.eclipse.datatools.connectivity.sqm.server.ui>
    <org.eclipse.datatools.modelbase.dbdefinition>pom</org.eclipse.datatools.modelbase.dbdefinition>
    <org.eclipse.datatools.connectivity>pom</org.eclipse.datatools.connectivity>
    <org.eclipse.jdt.debug.jdi>jar</org.eclipse.jdt.debug.jdi>
    <org.junit>pom</org.junit>
  </properties>
  <dependencies>
    <dependency>
      <groupId>junit</groupId>
      <artifactId>junit</artifactId>
      <version>3.8.1</version>
      <scope>test</scope>
    </dependency>
  </dependencies>
  <repositories>
    <repository>
      <releases>
        <enabled>true</enabled>
        <updatePolicy>daily</updatePolicy>
        <checksumPolicy>warn</checksumPolicy>
      </releases>
      <snapshots>
        <enabled>true</enabled>
        <updatePolicy>daily</updatePolicy>
        <checksumPolicy>warn</checksumPolicy>
      </snapshots>
      <id>overture.sf.net</id>
      <name>Overture SF Snapshots</name>
      <url>http://overture.sourceforge.net/maven/repo</url>
    </repository>
    <repository>
      <releases>
        <enabled>true</enabled>
        <updatePolicy>daily</updatePolicy>
        <checksumPolicy>ignore</checksumPolicy>
      </releases>
      <snapshots>
        <enabled>true</enabled>
        <updatePolicy>daily</updatePolicy>
        <checksumPolicy>warn</checksumPolicy>
      </snapshots>
      <id>overturetool.org</id>
      <name>OvertureTool Snapshots</name>
      <url>http://www.overturetool.org/maven2</url>
    </repository>
    <repository>
      <releases>
        <enabled>true</enabled>
        <updatePolicy>daily</updatePolicy>
        <checksumPolicy>warn</checksumPolicy>
      </releases>
      <snapshots>
        <enabled>true</enabled>
        <updatePolicy>daily</updatePolicy>
        <checksumPolicy>warn</checksumPolicy>
      </snapshots>
      <id>destecs.org</id>
      <name>DESTECS Snapshots</name>
      <url>http://destecs.sourceforge.net/maven/repo</url>
    </repository>
    <repository>
      <snapshots>
        <enabled>false</enabled>
      </snapshots>
      <id>central</id>
      <name>Maven Repository Switchboard</name>
      <url>http://repo1.maven.org/maven2</url>
    </repository>
  </repositories>
  <pluginRepositories>
    <pluginRepository>
      <releases>
        <enabled>true</enabled>
        <updatePolicy>daily</updatePolicy>
        <checksumPolicy>warn</checksumPolicy>
      </releases>
      <snapshots>
        <enabled>true</enabled>
        <updatePolicy>daily</updatePolicy>
        <checksumPolicy>warn</checksumPolicy>
      </snapshots>
      <id>overturetool.org</id>
      <name>OvertureTool Snapshots</name>
      <url>http://www.overturetool.org/maven2</url>
    </pluginRepository>
    <pluginRepository>
      <releases>
        <enabled>true</enabled>
        <updatePolicy>daily</updatePolicy>
        <checksumPolicy>warn</checksumPolicy>
      </releases>
      <snapshots>
        <enabled>true</enabled>
        <updatePolicy>daily</updatePolicy>
        <checksumPolicy>warn</checksumPolicy>
      </snapshots>
      <id>destecs.org</id>
      <name>DESTECS Snapshots</name>
      <url>http://destecs.sourceforge.net/maven/repo</url>
    </pluginRepository>
    <pluginRepository>
      <releases>
        <updatePolicy>never</updatePolicy>
      </releases>
      <snapshots>
        <enabled>false</enabled>
      </snapshots>
      <id>central</id>
      <name>Maven Plugin Repository</name>
      <url>http://repo1.maven.org/maven2</url>
    </pluginRepository>
  </pluginRepositories>
  <build>
    <sourceDirectory>/Users/ari/Documents/work/destecsSF/trunk/ide/debug/src/main/java</sourceDirectory>
    <scriptSourceDirectory>/Users/ari/Documents/work/destecsSF/trunk/ide/debug/src/main/scripts</scriptSourceDirectory>
    <testSourceDirectory>/Users/ari/Documents/work/destecsSF/trunk/ide/debug/src/test/java</testSourceDirectory>
    <outputDirectory>/Users/ari/Documents/work/destecsSF/trunk/ide/debug/target/classes</outputDirectory>
    <testOutputDirectory>/Users/ari/Documents/work/destecsSF/trunk/ide/debug/target/test-classes</testOutputDirectory>
    <extensions>
      <extension>
        <groupId>org.apache.maven.wagon</groupId>
        <artifactId>wagon-ftp</artifactId>
        <version>1.0-beta-6</version>
      </extension>
      <extension>
        <groupId>org.apache.maven.wagon</groupId>
        <artifactId>wagon-webdav</artifactId>
        <version>1.0-beta-2</version>
      </extension>
    </extensions>
    <resources>
      <resource>
        <directory>/Users/ari/Documents/work/destecsSF/trunk/ide/debug/src/main/java</directory>
        <includes>
          <include>**/*.properties</include>
          <include>**/*.xml</include>
        </includes>
      </resource>
      <resource>
        <directory>/Users/ari/Documents/work/destecsSF/trunk/ide/debug</directory>
        <includes>
          <include>plugin.xml</include>
          <include>plugin.properties</include>
          <include>model/**</include>
          <include>icons/**</include>
        </includes>
      </resource>
    </resources>
    <testResources>
      <testResource>
        <directory>/Users/ari/Documents/work/destecsSF/trunk/ide/debug/src/test/resources</directory>
      </testResource>
    </testResources>
    <directory>/Users/ari/Documents/work/destecsSF/trunk/ide/debug/target</directory>
    <finalName>org.destecs.ide.debug-1.0.0</finalName>
    <pluginManagement>
      <plugins>
        <plugin>
          <artifactId>maven-antrun-plugin</artifactId>
          <version>1.3</version>
        </plugin>
        <plugin>
          <artifactId>maven-assembly-plugin</artifactId>
          <version>2.2-beta-4</version>
        </plugin>
        <plugin>
          <artifactId>maven-clean-plugin</artifactId>
          <version>2.3</version>
        </plugin>
        <plugin>
          <artifactId>maven-compiler-plugin</artifactId>
          <version>2.0.2</version>
        </plugin>
        <plugin>
          <artifactId>maven-dependency-plugin</artifactId>
          <version>2.0</version>
        </plugin>
        <plugin>
          <artifactId>maven-deploy-plugin</artifactId>
          <version>2.4</version>
        </plugin>
        <plugin>
          <artifactId>maven-ear-plugin</artifactId>
          <version>2.3.1</version>
        </plugin>
        <plugin>
          <artifactId>maven-ejb-plugin</artifactId>
          <version>2.1</version>
        </plugin>
        <plugin>
          <artifactId>maven-install-plugin</artifactId>
          <version>2.3</version>
        </plugin>
        <plugin>
          <artifactId>maven-jar-plugin</artifactId>
          <version>2.2</version>
        </plugin>
        <plugin>
          <artifactId>maven-javadoc-plugin</artifactId>
          <version>2.5</version>
        </plugin>
        <plugin>
          <artifactId>maven-plugin-plugin</artifactId>
          <version>2.5.1</version>
        </plugin>
        <plugin>
          <artifactId>maven-rar-plugin</artifactId>
          <version>2.2</version>
        </plugin>
        <plugin>
          <artifactId>maven-release-plugin</artifactId>
          <version>2.0-beta-9</version>
        </plugin>
        <plugin>
          <artifactId>maven-resources-plugin</artifactId>
          <version>2.4.1</version>
        </plugin>
        <plugin>
          <artifactId>maven-site-plugin</artifactId>
          <version>2.0.1</version>
        </plugin>
        <plugin>
          <artifactId>maven-source-plugin</artifactId>
          <version>2.0.4</version>
        </plugin>
        <plugin>
          <artifactId>maven-surefire-plugin</artifactId>
          <version>2.4.3</version>
        </plugin>
        <plugin>
          <artifactId>maven-war-plugin</artifactId>
          <version>2.1-alpha-1</version>
        </plugin>
      </plugins>
    </pluginManagement>
    <plugins>
      <plugin>
        <groupId>org.codehaus.mojo</groupId>
        <artifactId>cobertura-maven-plugin</artifactId>
        <version>2.4</version>
        <executions>
          <execution>
            <goals>
              <goal>clean</goal>
            </goals>
            <configuration>
              <instrumentation>
                <excludes>
                  <exclude>com/princetonsoftech/**/model/**/impl/*.class</exclude>
                  <exclude>com/princetonsoftech/**/model/**/util/*.class</exclude>
                  <exclude>com/princetonsoftech/**/pojo/*.class</exclude>
                  <exclude>com/princetonsoftech/**/Messages.class</exclude>
                  <exclude>com/princetonsoftech/**/wizard/*.class</exclude>
                  <exclude>com/princetonsoftech/**/actions/*.class</exclude>
                  <exclude>com/cloudgarden/resource/**/*.class</exclude>
                </excludes>
              </instrumentation>
            </configuration>
          </execution>
        </executions>
        <configuration>
          <instrumentation>
            <excludes>
              <exclude>com/princetonsoftech/**/model/**/impl/*.class</exclude>
              <exclude>com/princetonsoftech/**/model/**/util/*.class</exclude>
              <exclude>com/princetonsoftech/**/pojo/*.class</exclude>
              <exclude>com/princetonsoftech/**/Messages.class</exclude>
              <exclude>com/princetonsoftech/**/wizard/*.class</exclude>
              <exclude>com/princetonsoftech/**/actions/*.class</exclude>
              <exclude>com/cloudgarden/resource/**/*.class</exclude>
            </excludes>
          </instrumentation>
        </configuration>
      </plugin>
      <plugin>
        <artifactId>maven-compiler-plugin</artifactId>
        <version>2.0.2</version>
        <configuration>
          <source>1.5</source>
          <target>1.5</target>
        </configuration>
      </plugin>
      <plugin>
        <artifactId>maven-site-plugin</artifactId>
        <version>2.0.1</version>
        <executions>
          <execution>
            <id>default-site</id>
            <phase>site</phase>
            <goals>
              <goal>site</goal>
            </goals>
          </execution>
          <execution>
            <id>default-deploy</id>
            <phase>site-deploy</phase>
            <goals>
              <goal>deploy</goal>
            </goals>
          </execution>
        </executions>
        <configuration>
          <outputDirectory>/Users/ari/Documents/work/destecsSF/trunk/ide/debug/target/site</outputDirectory>
          <reportPlugins>
            <plugin>
              <groupId>org.apache.maven.plugins</groupId>
              <artifactId>maven-javadoc-plugin</artifactId>
              <version>2.6.1</version>
              <configuration>
                <failOnError>false</failOnError>
                <excludePackageNames>*org.eclipse.*</excludePackageNames>
                <stylesheetfile>/Users/ari/Documents/work/destecsSF/trunk/ide/debug/src/main/javadoc/stylesheet.css</stylesheetfile>
                <show>public</show>
              </configuration>
            </plugin>
            <plugin>
              <groupId>org.apache.maven.plugins</groupId>
              <artifactId>maven-project-info-reports-plugin</artifactId>
            </plugin>
          </reportPlugins>
        </configuration>
      </plugin>
      <plugin>
        <artifactId>maven-eclipse-plugin</artifactId>
        <version>2.8</version>
        <configuration>
          <projectnatures>
            <projectnature>org.eclipse.jdt.core.javanature</projectnature>
            <projectnature>org.eclipse.pde.PluginNature</projectnature>
          </projectnatures>
          <buildcommands>
            <buildcommand>org.eclipse.jdt.core.javabuilder</buildcommand>
            <buildcommand>org.eclipse.pde.ManifestBuilder</buildcommand>
            <buildcommand>org.eclipse.pde.SchemaBuilder</buildcommand>
          </buildcommands>
          <classpathContainers>
            <classpathContainer>org.eclipse.pde.core.requiredPlugins</classpathContainer>
          </classpathContainers>
        </configuration>
      </plugin>
      <plugin>
        <groupId>org.overturetool.tools.maven-pst</groupId>
        <artifactId>maven-psteclipse-plugin</artifactId>
        <version>2.0.2</version>
        <extensions>true</extensions>
        <executions>
          <execution>
            <id>default-package</id>
            <phase>package</phase>
            <goals>
              <goal>package</goal>
            </goals>
            <configuration>
              <logModifications>true</logModifications>
              <testFrameworkVersion>4.2.2</testFrameworkVersion>
              <doNotExportPackagePrefixes>
                <param>org.apache</param>
                <param>org.w3c.dom</param>
                <param>org.xml.sax</param>
                <param>org.custommonkey</param>
                <param>javax</param>
                <param>net.sf.xmlunit</param>
                <param>java</param>
                <param>org.kohsuke</param>
              </doNotExportPackagePrefixes>
            </configuration>
          </execution>
          <execution>
            <id>update</id>
            <phase>process-resources</phase>
            <goals>
              <goal>update</goal>
            </goals>
            <configuration>
              <logModifications>true</logModifications>
              <testFrameworkVersion>4.2.2</testFrameworkVersion>
              <doNotExportPackagePrefixes>
                <param>org.apache</param>
                <param>org.w3c.dom</param>
                <param>org.xml.sax</param>
                <param>org.custommonkey</param>
                <param>javax</param>
                <param>net.sf.xmlunit</param>
                <param>java</param>
                <param>org.kohsuke</param>
              </doNotExportPackagePrefixes>
            </configuration>
          </execution>
        </executions>
        <configuration>
          <logModifications>true</logModifications>
          <testFrameworkVersion>4.2.2</testFrameworkVersion>
          <doNotExportPackagePrefixes>
            <param>org.apache</param>
            <param>org.w3c.dom</param>
            <param>org.xml.sax</param>
            <param>org.custommonkey</param>
            <param>javax</param>
            <param>net.sf.xmlunit</param>
            <param>java</param>
            <param>org.kohsuke</param>
          </doNotExportPackagePrefixes>
        </configuration>
      </plugin>
      <plugin>
        <artifactId>maven-javadoc-plugin</artifactId>
        <version>2.6.1</version>
        <configuration>
          <show>private</show>
          <nohelp>true</nohelp>
        </configuration>
      </plugin>
      <plugin>
        <artifactId>maven-deploy-plugin</artifactId>
        <version>2.4</version>
        <executions>
          <execution>
            <id>default-deploy</id>
            <phase>deploy</phase>
            <goals>
              <goal>deploy</goal>
            </goals>
          </execution>
        </executions>
      </plugin>
      <plugin>
        <artifactId>maven-install-plugin</artifactId>
        <version>2.3</version>
        <executions>
          <execution>
            <id>default-install</id>
            <phase>install</phase>
            <goals>
              <goal>install</goal>
            </goals>
          </execution>
        </executions>
      </plugin>
      <plugin>
        <artifactId>maven-resources-plugin</artifactId>
        <version>2.4.1</version>
        <executions>
          <execution>
            <id>default-testResources</id>
            <phase>process-test-resources</phase>
            <goals>
              <goal>testResources</goal>
            </goals>
          </execution>
        </executions>
      </plugin>
      <plugin>
        <artifactId>maven-clean-plugin</artifactId>
        <version>2.3</version>
        <executions>
          <execution>
            <id>default-clean</id>
            <phase>clean</phase>
            <goals>
              <goal>clean</goal>
            </goals>
          </execution>
        </executions>
      </plugin>
    </plugins>
  </build>
  <reporting>
    <outputDirectory>/Users/ari/Documents/work/destecsSF/trunk/ide/debug/target/site</outputDirectory>
    <plugins>
      <plugin>
        <artifactId>maven-javadoc-plugin</artifactId>
        <version>2.6.1</version>
        <configuration>
          <failOnError>false</failOnError>
          <excludePackageNames>*org.eclipse.*</excludePackageNames>
          <stylesheetfile>/Users/ari/Documents/work/destecsSF/trunk/ide/debug/src/main/javadoc/stylesheet.css</stylesheetfile>
          <show>public</show>
        </configuration>
      </plugin>
    </plugins>
  </reporting>
</project>
